<?xml version="1.0" encoding="UTF-8"?>
<!-- Generated by org.testng.reporters.JUnitReportReporter -->
<testsuite hostname="Sireena-PC" failures="0" tests="10" name="MyTestcases" time="5.353" errors="0" timestamp="2024-06-02T14:46:10 EET" skipped="0">
  <testcase classname="MyTestcases" name="VerifyTheTitleIsGoogle" time="0.403"/>
  <system-out/>
  <testcase classname="MyTestcases" name="VerifyTheTitleIsGoogle" time="0.416"/>
  <system-out/>
  <testcase classname="MyTestcases" name="VerifyTheTitleIsGoogle" time="0.387"/>
  <system-out/>
  <testcase classname="MyTestcases" name="VerifyTheTitleIsGoogle" time="0.550"/>
  <system-out/>
  <testcase classname="MyTestcases" name="VerifyTheTitleIsGoogle" time="0.407"/>
  <system-out/>
  <testcase classname="MyTestcases" name="VerifyTheTitleIsGoogle" time="1.371"/>
  <system-out/>
  <testcase classname="MyTestcases" name="VerifyTheTitleIsGoogle" time="0.417"/>
  <system-out/>
  <testcase classname="MyTestcases" name="VerifyTheTitleIsGoogle" time="0.516"/>
  <system-out/>
  <testcase classname="MyTestcases" name="VerifyTheTitleIsGoogle" time="0.496"/>
  <system-out/>
  <testcase classname="MyTestcases" name="VerifyTheTitleIsGoogle" time="0.390"/>
  <system-out/>
</testsuite> <!-- MyTestcases -->
